{"F:\\School stuff 2026\\Application Development Security\\Poe part 2\\TheApp\\APDS-main\\backend\\server.js": {"path":"F:\\School stuff 2026\\Application Development Security\\Poe part 2\\TheApp\\APDS-main\\backend\\server.js","statementMap":{"0":{"start":{"line":2,"column":0},"end":{"line":2,"column":34}},"1":{"start":{"line":26,"column":12},"end":{"line":26,"column":21}},"2":{"start":{"line":27,"column":13},"end":{"line":27,"column":37}},"3":{"start":{"line":29,"column":24},"end":{"line":29,"column":78}},"4":{"start":{"line":30,"column":22},"end":{"line":30,"column":59}},"5":{"start":{"line":32,"column":0},"end":{"line":32,"column":54}},"6":{"start":{"line":35,"column":0},"end":{"line":35,"column":26}},"7":{"start":{"line":38,"column":0},"end":{"line":43,"column":3}},"8":{"start":{"line":39,"column":2},"end":{"line":41,"column":3}},"9":{"start":{"line":40,"column":4},"end":{"line":40,"column":41}},"10":{"start":{"line":42,"column":2},"end":{"line":42,"column":9}},"11":{"start":{"line":46,"column":0},"end":{"line":46,"column":41}},"12":{"start":{"line":47,"column":0},"end":{"line":47,"column":24}},"13":{"start":{"line":50,"column":0},"end":{"line":57,"column":2}},"14":{"start":{"line":60,"column":21},"end":{"line":81,"column":1}},"15":{"start":{"line":83,"column":0},"end":{"line":85,"column":1}},"16":{"start":{"line":84,"column":2},"end":{"line":84,"column":77}},"17":{"start":{"line":87,"column":0},"end":{"line":87,"column":30}},"18":{"start":{"line":90,"column":22},"end":{"line":98,"column":2}},"19":{"start":{"line":100,"column":0},"end":{"line":100,"column":23}},"20":{"start":{"line":103,"column":21},"end":{"line":111,"column":2}},"21":{"start":{"line":114,"column":25},"end":{"line":116,"column":1}},"22":{"start":{"line":115,"column":2},"end":{"line":115,"column":76}},"23":{"start":{"line":118,"column":35},"end":{"line":120,"column":1}},"24":{"start":{"line":119,"column":2},"end":{"line":119,"column":50}},"25":{"start":{"line":123,"column":16},"end":{"line":143,"column":1}},"26":{"start":{"line":124,"column":2},"end":{"line":142,"column":3}},"27":{"start":{"line":125,"column":19},"end":{"line":128,"column":5}},"28":{"start":{"line":130,"column":4},"end":{"line":134,"column":5}},"29":{"start":{"line":131,"column":6},"end":{"line":133,"column":9}},"30":{"start":{"line":136,"column":4},"end":{"line":136,"column":11}},"31":{"start":{"line":138,"column":4},"end":{"line":138,"column":47}},"32":{"start":{"line":139,"column":4},"end":{"line":141,"column":7}},"33":{"start":{"line":146,"column":0},"end":{"line":150,"column":3}},"34":{"start":{"line":147,"column":2},"end":{"line":149,"column":5}},"35":{"start":{"line":153,"column":0},"end":{"line":157,"column":3}},"36":{"start":{"line":154,"column":2},"end":{"line":156,"column":5}},"37":{"start":{"line":160,"column":0},"end":{"line":226,"column":3}},"38":{"start":{"line":161,"column":2},"end":{"line":225,"column":3}},"39":{"start":{"line":162,"column":35},"end":{"line":162,"column":43}},"40":{"start":{"line":164,"column":4},"end":{"line":168,"column":5}},"41":{"start":{"line":165,"column":6},"end":{"line":167,"column":9}},"42":{"start":{"line":170,"column":4},"end":{"line":174,"column":5}},"43":{"start":{"line":171,"column":6},"end":{"line":173,"column":9}},"44":{"start":{"line":176,"column":21},"end":{"line":182,"column":5}},"45":{"start":{"line":184,"column":4},"end":{"line":188,"column":5}},"46":{"start":{"line":185,"column":6},"end":{"line":187,"column":9}},"47":{"start":{"line":190,"column":17},"end":{"line":190,"column":26}},"48":{"start":{"line":192,"column":20},"end":{"line":192,"column":65}},"49":{"start":{"line":194,"column":4},"end":{"line":198,"column":5}},"50":{"start":{"line":195,"column":6},"end":{"line":197,"column":9}},"51":{"start":{"line":200,"column":18},"end":{"line":200,"column":37}},"52":{"start":{"line":202,"column":4},"end":{"line":207,"column":7}},"53":{"start":{"line":209,"column":4},"end":{"line":219,"column":7}},"54":{"start":{"line":221,"column":4},"end":{"line":221,"column":41}},"55":{"start":{"line":222,"column":4},"end":{"line":224,"column":7}},"56":{"start":{"line":229,"column":0},"end":{"line":239,"column":3}},"57":{"start":{"line":230,"column":2},"end":{"line":234,"column":5}},"58":{"start":{"line":236,"column":2},"end":{"line":238,"column":5}},"59":{"start":{"line":242,"column":0},"end":{"line":274,"column":3}},"60":{"start":{"line":243,"column":2},"end":{"line":273,"column":3}},"61":{"start":{"line":244,"column":19},"end":{"line":250,"column":5}},"62":{"start":{"line":252,"column":4},"end":{"line":256,"column":5}},"63":{"start":{"line":253,"column":6},"end":{"line":255,"column":9}},"64":{"start":{"line":258,"column":4},"end":{"line":267,"column":7}},"65":{"start":{"line":269,"column":4},"end":{"line":269,"column":38}},"66":{"start":{"line":270,"column":4},"end":{"line":272,"column":7}},"67":{"start":{"line":277,"column":0},"end":{"line":282,"column":3}},"68":{"start":{"line":278,"column":2},"end":{"line":281,"column":5}},"69":{"start":{"line":285,"column":0},"end":{"line":320,"column":3}},"70":{"start":{"line":286,"column":2},"end":{"line":319,"column":3}},"71":{"start":{"line":287,"column":71},"end":{"line":287,"column":79}},"72":{"start":{"line":289,"column":4},"end":{"line":293,"column":5}},"73":{"start":{"line":290,"column":6},"end":{"line":292,"column":9}},"74":{"start":{"line":295,"column":27},"end":{"line":295,"column":55}},"75":{"start":{"line":297,"column":4},"end":{"line":308,"column":6}},"76":{"start":{"line":310,"column":4},"end":{"line":312,"column":7}},"77":{"start":{"line":314,"column":4},"end":{"line":314,"column":47}},"78":{"start":{"line":316,"column":4},"end":{"line":318,"column":7}},"79":{"start":{"line":323,"column":0},"end":{"line":340,"column":3}},"80":{"start":{"line":324,"column":2},"end":{"line":339,"column":3}},"81":{"start":{"line":325,"column":20},"end":{"line":329,"column":5}},"82":{"start":{"line":331,"column":4},"end":{"line":333,"column":7}},"83":{"start":{"line":335,"column":4},"end":{"line":335,"column":45}},"84":{"start":{"line":336,"column":4},"end":{"line":338,"column":7}},"85":{"start":{"line":343,"column":0},"end":{"line":376,"column":3}},"86":{"start":{"line":344,"column":2},"end":{"line":375,"column":3}},"87":{"start":{"line":345,"column":19},"end":{"line":345,"column":29}},"88":{"start":{"line":347,"column":4},"end":{"line":351,"column":5}},"89":{"start":{"line":348,"column":6},"end":{"line":350,"column":9}},"90":{"start":{"line":353,"column":4},"end":{"line":357,"column":5}},"91":{"start":{"line":354,"column":6},"end":{"line":356,"column":9}},"92":{"start":{"line":359,"column":21},"end":{"line":359,"column":79}},"93":{"start":{"line":361,"column":4},"end":{"line":365,"column":5}},"94":{"start":{"line":362,"column":6},"end":{"line":364,"column":9}},"95":{"start":{"line":367,"column":4},"end":{"line":369,"column":7}},"96":{"start":{"line":371,"column":4},"end":{"line":371,"column":47}},"97":{"start":{"line":372,"column":4},"end":{"line":374,"column":7}},"98":{"start":{"line":379,"column":0},"end":{"line":389,"column":3}},"99":{"start":{"line":380,"column":2},"end":{"line":388,"column":3}},"100":{"start":{"line":381,"column":4},"end":{"line":383,"column":7}},"101":{"start":{"line":385,"column":4},"end":{"line":387,"column":7}},"102":{"start":{"line":392,"column":0},"end":{"line":402,"column":3}},"103":{"start":{"line":393,"column":2},"end":{"line":401,"column":3}},"104":{"start":{"line":394,"column":4},"end":{"line":396,"column":7}},"105":{"start":{"line":398,"column":4},"end":{"line":400,"column":7}},"106":{"start":{"line":404,"column":0},"end":{"line":408,"column":1}},"107":{"start":{"line":405,"column":2},"end":{"line":407,"column":5}},"108":{"start":{"line":406,"column":4},"end":{"line":406,"column":62}}},"fnMap":{"0":{"name":"(anonymous_0)","decl":{"start":{"line":38,"column":8},"end":{"line":38,"column":9}},"loc":{"start":{"line":38,"column":28},"end":{"line":43,"column":1}},"line":38},"1":{"name":"(anonymous_1)","decl":{"start":{"line":114,"column":25},"end":{"line":114,"column":26}},"loc":{"start":{"line":114,"column":39},"end":{"line":116,"column":1}},"line":114},"2":{"name":"(anonymous_2)","decl":{"start":{"line":118,"column":35},"end":{"line":118,"column":36}},"loc":{"start":{"line":118,"column":54},"end":{"line":120,"column":1}},"line":118},"3":{"name":"(anonymous_3)","decl":{"start":{"line":123,"column":16},"end":{"line":123,"column":17}},"loc":{"start":{"line":123,"column":42},"end":{"line":143,"column":1}},"line":123},"4":{"name":"(anonymous_4)","decl":{"start":{"line":146,"column":13},"end":{"line":146,"column":14}},"loc":{"start":{"line":146,"column":27},"end":{"line":150,"column":1}},"line":146},"5":{"name":"(anonymous_5)","decl":{"start":{"line":153,"column":20},"end":{"line":153,"column":21}},"loc":{"start":{"line":153,"column":34},"end":{"line":157,"column":1}},"line":153},"6":{"name":"(anonymous_6)","decl":{"start":{"line":160,"column":33},"end":{"line":160,"column":34}},"loc":{"start":{"line":160,"column":53},"end":{"line":226,"column":1}},"line":160},"7":{"name":"(anonymous_7)","decl":{"start":{"line":229,"column":33},"end":{"line":229,"column":34}},"loc":{"start":{"line":229,"column":47},"end":{"line":239,"column":1}},"line":229},"8":{"name":"(anonymous_8)","decl":{"start":{"line":242,"column":28},"end":{"line":242,"column":29}},"loc":{"start":{"line":242,"column":48},"end":{"line":274,"column":1}},"line":242},"9":{"name":"(anonymous_9)","decl":{"start":{"line":277,"column":35},"end":{"line":277,"column":36}},"loc":{"start":{"line":277,"column":49},"end":{"line":282,"column":1}},"line":277},"10":{"name":"(anonymous_10)","decl":{"start":{"line":285,"column":53},"end":{"line":285,"column":54}},"loc":{"start":{"line":285,"column":73},"end":{"line":320,"column":1}},"line":285},"11":{"name":"(anonymous_11)","decl":{"start":{"line":323,"column":46},"end":{"line":323,"column":47}},"loc":{"start":{"line":323,"column":66},"end":{"line":340,"column":1}},"line":323},"12":{"name":"(anonymous_12)","decl":{"start":{"line":343,"column":53},"end":{"line":343,"column":54}},"loc":{"start":{"line":343,"column":73},"end":{"line":376,"column":1}},"line":343},"13":{"name":"(anonymous_13)","decl":{"start":{"line":379,"column":34},"end":{"line":379,"column":35}},"loc":{"start":{"line":379,"column":54},"end":{"line":389,"column":1}},"line":379},"14":{"name":"(anonymous_14)","decl":{"start":{"line":392,"column":38},"end":{"line":392,"column":39}},"loc":{"start":{"line":392,"column":58},"end":{"line":402,"column":1}},"line":392},"15":{"name":"(anonymous_15)","decl":{"start":{"line":405,"column":19},"end":{"line":405,"column":20}},"loc":{"start":{"line":405,"column":25},"end":{"line":407,"column":3}},"line":405}},"branchMap":{"0":{"loc":{"start":{"line":27,"column":13},"end":{"line":27,"column":37}},"type":"binary-expr","locations":[{"start":{"line":27,"column":13},"end":{"line":27,"column":29}},{"start":{"line":27,"column":33},"end":{"line":27,"column":37}}],"line":27},"1":{"loc":{"start":{"line":29,"column":24},"end":{"line":29,"column":78}},"type":"binary-expr","locations":[{"start":{"line":29,"column":24},"end":{"line":29,"column":51}},{"start":{"line":29,"column":55},"end":{"line":29,"column":78}}],"line":29},"2":{"loc":{"start":{"line":39,"column":2},"end":{"line":41,"column":3}},"type":"if","locations":[{"start":{"line":39,"column":2},"end":{"line":41,"column":3}},{"start":{},"end":{}}],"line":39},"3":{"loc":{"start":{"line":39,"column":6},"end":{"line":39,"column":67}},"type":"binary-expr","locations":[{"start":{"line":39,"column":6},"end":{"line":39,"column":19}},{"start":{"line":39,"column":23},"end":{"line":39,"column":67}}],"line":39},"4":{"loc":{"start":{"line":74,"column":8},"end":{"line":80,"column":11}},"type":"cond-expr","locations":[{"start":{"line":75,"column":6},"end":{"line":79,"column":7}},{"start":{"line":80,"column":6},"end":{"line":80,"column":11}}],"line":74},"5":{"loc":{"start":{"line":83,"column":0},"end":{"line":85,"column":1}},"type":"if","locations":[{"start":{"line":83,"column":0},"end":{"line":85,"column":1}},{"start":{},"end":{}}],"line":83},"6":{"loc":{"start":{"line":130,"column":4},"end":{"line":134,"column":5}},"type":"if","locations":[{"start":{"line":130,"column":4},"end":{"line":134,"column":5}},{"start":{},"end":{}}],"line":130},"7":{"loc":{"start":{"line":130,"column":8},"end":{"line":130,"column":50}},"type":"binary-expr","locations":[{"start":{"line":130,"column":8},"end":{"line":130,"column":16}},{"start":{"line":130,"column":20},"end":{"line":130,"column":50}}],"line":130},"8":{"loc":{"start":{"line":164,"column":4},"end":{"line":168,"column":5}},"type":"if","locations":[{"start":{"line":164,"column":4},"end":{"line":168,"column":5}},{"start":{},"end":{}}],"line":164},"9":{"loc":{"start":{"line":164,"column":8},"end":{"line":164,"column":30}},"type":"binary-expr","locations":[{"start":{"line":164,"column":8},"end":{"line":164,"column":17}},{"start":{"line":164,"column":21},"end":{"line":164,"column":30}}],"line":164},"10":{"loc":{"start":{"line":170,"column":4},"end":{"line":174,"column":5}},"type":"if","locations":[{"start":{"line":170,"column":4},"end":{"line":174,"column":5}},{"start":{},"end":{}}],"line":170},"11":{"loc":{"start":{"line":184,"column":4},"end":{"line":188,"column":5}},"type":"if","locations":[{"start":{"line":184,"column":4},"end":{"line":188,"column":5}},{"start":{},"end":{}}],"line":184},"12":{"loc":{"start":{"line":194,"column":4},"end":{"line":198,"column":5}},"type":"if","locations":[{"start":{"line":194,"column":4},"end":{"line":198,"column":5}},{"start":{},"end":{}}],"line":194},"13":{"loc":{"start":{"line":252,"column":4},"end":{"line":256,"column":5}},"type":"if","locations":[{"start":{"line":252,"column":4},"end":{"line":256,"column":5}},{"start":{},"end":{}}],"line":252},"14":{"loc":{"start":{"line":289,"column":4},"end":{"line":293,"column":5}},"type":"if","locations":[{"start":{"line":289,"column":4},"end":{"line":293,"column":5}},{"start":{},"end":{}}],"line":289},"15":{"loc":{"start":{"line":289,"column":8},"end":{"line":289,"column":62}},"type":"binary-expr","locations":[{"start":{"line":289,"column":8},"end":{"line":289,"column":18}},{"start":{"line":289,"column":22},"end":{"line":289,"column":31}},{"start":{"line":289,"column":35},"end":{"line":289,"column":49}},{"start":{"line":289,"column":53},"end":{"line":289,"column":62}}],"line":289},"16":{"loc":{"start":{"line":306,"column":8},"end":{"line":306,"column":33}},"type":"cond-expr","locations":[{"start":{"line":306,"column":28},"end":{"line":306,"column":29}},{"start":{"line":306,"column":32},"end":{"line":306,"column":33}}],"line":306},"17":{"loc":{"start":{"line":347,"column":4},"end":{"line":351,"column":5}},"type":"if","locations":[{"start":{"line":347,"column":4},"end":{"line":351,"column":5}},{"start":{},"end":{}}],"line":347},"18":{"loc":{"start":{"line":353,"column":4},"end":{"line":357,"column":5}},"type":"if","locations":[{"start":{"line":353,"column":4},"end":{"line":357,"column":5}},{"start":{},"end":{}}],"line":353},"19":{"loc":{"start":{"line":361,"column":4},"end":{"line":365,"column":5}},"type":"if","locations":[{"start":{"line":361,"column":4},"end":{"line":365,"column":5}},{"start":{},"end":{}}],"line":361},"20":{"loc":{"start":{"line":404,"column":0},"end":{"line":408,"column":1}},"type":"if","locations":[{"start":{"line":404,"column":0},"end":{"line":408,"column":1}},{"start":{},"end":{}}],"line":404}},"s":{"0":3,"1":3,"2":3,"3":3,"4":3,"5":3,"6":3,"7":3,"8":17,"9":0,"10":17,"11":3,"12":3,"13":3,"14":3,"15":3,"16":0,"17":3,"18":3,"19":3,"20":3,"21":3,"22":0,"23":3,"24":0,"25":3,"26":0,"27":0,"28":0,"29":0,"30":0,"31":0,"32":0,"33":3,"34":1,"35":3,"36":1,"37":3,"38":2,"39":2,"40":2,"41":1,"42":1,"43":1,"44":0,"45":0,"46":0,"47":0,"48":0,"49":0,"50":0,"51":0,"52":0,"53":0,"54":0,"55":0,"56":3,"57":0,"58":0,"59":3,"60":0,"61":0,"62":0,"63":0,"64":0,"65":0,"66":0,"67":3,"68":0,"69":3,"70":0,"71":0,"72":0,"73":0,"74":0,"75":0,"76":0,"77":0,"78":0,"79":3,"80":0,"81":0,"82":0,"83":0,"84":0,"85":3,"86":0,"87":0,"88":0,"89":0,"90":0,"91":0,"92":0,"93":0,"94":0,"95":0,"96":0,"97":0,"98":3,"99":0,"100":0,"101":0,"102":3,"103":0,"104":0,"105":0,"106":3,"107":0,"108":0},"f":{"0":17,"1":0,"2":0,"3":0,"4":1,"5":1,"6":2,"7":0,"8":0,"9":0,"10":0,"11":0,"12":0,"13":0,"14":0,"15":0},"b":{"0":[3,0],"1":[3,3],"2":[0,17],"3":[17,0],"4":[0,3],"5":[0,3],"6":[0,0],"7":[0,0],"8":[1,1],"9":[2,1],"10":[1,0],"11":[0,0],"12":[0,0],"13":[0,0],"14":[0,0],"15":[0,0,0,0],"16":[0,0],"17":[0,0],"18":[0,0],"19":[0,0],"20":[0,3]},"_coverageSchema":"1a1c01bbd47fc00a2c39e90264f33305004495a9","hash":"4fda2e6bddc0b86f82b655c584d6ee3dda692525"}
,"F:\\School stuff 2026\\Application Development Security\\Poe part 2\\TheApp\\APDS-main\\backend\\Services\\authServices.js": {"path":"F:\\School stuff 2026\\Application Development Security\\Poe part 2\\TheApp\\APDS-main\\backend\\Services\\authServices.js","statementMap":{"0":{"start":{"line":5,"column":20},"end":{"line":5,"column":22}},"1":{"start":{"line":7,"column":28},"end":{"line":10,"column":1}},"2":{"start":{"line":8,"column":25},"end":{"line":8,"column":65}},"3":{"start":{"line":9,"column":2},"end":{"line":9,"column":24}},"4":{"start":{"line":12,"column":30},"end":{"line":15,"column":1}},"5":{"start":{"line":13,"column":18},"end":{"line":13,"column":64}},"6":{"start":{"line":14,"column":2},"end":{"line":14,"column":17}},"7":{"start":{"line":17,"column":29},"end":{"line":30,"column":1}},"8":{"start":{"line":18,"column":16},"end":{"line":27,"column":3}},"9":{"start":{"line":29,"column":2},"end":{"line":29,"column":15}}},"fnMap":{"0":{"name":"(anonymous_0)","decl":{"start":{"line":7,"column":28},"end":{"line":7,"column":29}},"loc":{"start":{"line":7,"column":48},"end":{"line":10,"column":1}},"line":7},"1":{"name":"(anonymous_1)","decl":{"start":{"line":12,"column":30},"end":{"line":12,"column":31}},"loc":{"start":{"line":12,"column":66},"end":{"line":15,"column":1}},"line":12},"2":{"name":"(anonymous_2)","decl":{"start":{"line":17,"column":29},"end":{"line":17,"column":30}},"loc":{"start":{"line":17,"column":39},"end":{"line":30,"column":1}},"line":17}},"branchMap":{},"s":{"0":4,"1":4,"2":2,"3":2,"4":4,"5":1,"6":1,"7":4,"8":0,"9":0},"f":{"0":2,"1":1,"2":0},"b":{},"_coverageSchema":"1a1c01bbd47fc00a2c39e90264f33305004495a9","hash":"05af53abfd0c934ee32b61eddbaaf77e85822699"}
,"F:\\School stuff 2026\\Application Development Security\\Poe part 2\\TheApp\\APDS-main\\backend\\Services\\validation.js": {"path":"F:\\School stuff 2026\\Application Development Security\\Poe part 2\\TheApp\\APDS-main\\backend\\Services\\validation.js","statementMap":{"0":{"start":{"line":1,"column":32},"end":{"line":4,"column":1}},"1":{"start":{"line":2,"column":18},"end":{"line":2,"column":37}},"2":{"start":{"line":3,"column":4},"end":{"line":3,"column":28}},"3":{"start":{"line":6,"column":32},"end":{"line":9,"column":1}},"4":{"start":{"line":7,"column":18},"end":{"line":7,"column":31}},"5":{"start":{"line":8,"column":4},"end":{"line":8,"column":26}},"6":{"start":{"line":11,"column":37},"end":{"line":14,"column":1}},"7":{"start":{"line":12,"column":18},"end":{"line":12,"column":33}},"8":{"start":{"line":13,"column":4},"end":{"line":13,"column":27}},"9":{"start":{"line":16,"column":33},"end":{"line":19,"column":1}},"10":{"start":{"line":17,"column":18},"end":{"line":17,"column":51}},"11":{"start":{"line":18,"column":4},"end":{"line":18,"column":28}},"12":{"start":{"line":20,"column":30},"end":{"line":22,"column":1}},"13":{"start":{"line":21,"column":4},"end":{"line":21,"column":22}}},"fnMap":{"0":{"name":"(anonymous_0)","decl":{"start":{"line":1,"column":32},"end":{"line":1,"column":33}},"loc":{"start":{"line":1,"column":42},"end":{"line":4,"column":1}},"line":1},"1":{"name":"(anonymous_1)","decl":{"start":{"line":6,"column":32},"end":{"line":6,"column":33}},"loc":{"start":{"line":6,"column":40},"end":{"line":9,"column":1}},"line":6},"2":{"name":"(anonymous_2)","decl":{"start":{"line":11,"column":37},"end":{"line":11,"column":38}},"loc":{"start":{"line":11,"column":46},"end":{"line":14,"column":1}},"line":11},"3":{"name":"(anonymous_3)","decl":{"start":{"line":16,"column":33},"end":{"line":16,"column":34}},"loc":{"start":{"line":16,"column":43},"end":{"line":19,"column":1}},"line":16},"4":{"name":"(anonymous_4)","decl":{"start":{"line":20,"column":30},"end":{"line":20,"column":31}},"loc":{"start":{"line":20,"column":42},"end":{"line":22,"column":1}},"line":20}},"branchMap":{},"s":{"0":4,"1":0,"2":0,"3":4,"4":3,"5":3,"6":4,"7":2,"8":2,"9":4,"10":1,"11":1,"12":4,"13":2},"f":{"0":0,"1":3,"2":2,"3":1,"4":2},"b":{},"_coverageSchema":"1a1c01bbd47fc00a2c39e90264f33305004495a9","hash":"8f238f68ceaa66d7baf0f3e38d0eabcfa43c286a"}
,"F:\\School stuff 2026\\Application Development Security\\Poe part 2\\TheApp\\APDS-main\\backend\\config\\db.js": {"path":"F:\\School stuff 2026\\Application Development Security\\Poe part 2\\TheApp\\APDS-main\\backend\\config\\db.js","statementMap":{"0":{"start":{"line":4,"column":0},"end":{"line":4,"column":16}},"1":{"start":{"line":6,"column":13},"end":{"line":12,"column":2}}},"fnMap":{},"branchMap":{},"s":{"0":3,"1":3},"f":{},"b":{},"_coverageSchema":"1a1c01bbd47fc00a2c39e90264f33305004495a9","hash":"2381b6f9d4bbbf267c234891e30694bfda6e2916"}
,"F:\\School stuff 2026\\Application Development Security\\Poe part 2\\TheApp\\APDS-main\\backend\\middleware\\authMiddleware.js": {"path":"F:\\School stuff 2026\\Application Development Security\\Poe part 2\\TheApp\\APDS-main\\backend\\middleware\\authMiddleware.js","statementMap":{"0":{"start":{"line":3,"column":27},"end":{"line":33,"column":1}},"1":{"start":{"line":4,"column":2},"end":{"line":32,"column":3}},"2":{"start":{"line":5,"column":23},"end":{"line":5,"column":48}},"3":{"start":{"line":8,"column":24},"end":{"line":10,"column":12}},"4":{"start":{"line":12,"column":24},"end":{"line":12,"column":51}},"5":{"start":{"line":14,"column":18},"end":{"line":14,"column":44}},"6":{"start":{"line":16,"column":4},"end":{"line":20,"column":5}},"7":{"start":{"line":17,"column":6},"end":{"line":19,"column":9}},"8":{"start":{"line":22,"column":20},"end":{"line":22,"column":61}},"9":{"start":{"line":24,"column":4},"end":{"line":24,"column":28}},"10":{"start":{"line":25,"column":4},"end":{"line":25,"column":45}},"11":{"start":{"line":27,"column":4},"end":{"line":27,"column":11}},"12":{"start":{"line":29,"column":4},"end":{"line":31,"column":7}}},"fnMap":{"0":{"name":"(anonymous_0)","decl":{"start":{"line":3,"column":27},"end":{"line":3,"column":28}},"loc":{"start":{"line":3,"column":47},"end":{"line":33,"column":1}},"line":3}},"branchMap":{"0":{"loc":{"start":{"line":8,"column":24},"end":{"line":10,"column":12}},"type":"cond-expr","locations":[{"start":{"line":9,"column":8},"end":{"line":9,"column":32}},{"start":{"line":10,"column":8},"end":{"line":10,"column":12}}],"line":8},"1":{"loc":{"start":{"line":14,"column":18},"end":{"line":14,"column":44}},"type":"binary-expr","locations":[{"start":{"line":14,"column":18},"end":{"line":14,"column":29}},{"start":{"line":14,"column":33},"end":{"line":14,"column":44}}],"line":14},"2":{"loc":{"start":{"line":16,"column":4},"end":{"line":20,"column":5}},"type":"if","locations":[{"start":{"line":16,"column":4},"end":{"line":20,"column":5}},{"start":{},"end":{}}],"line":16}},"s":{"0":4,"1":15,"2":15,"3":15,"4":15,"5":15,"6":15,"7":14,"8":1,"9":0,"10":0,"11":0,"12":1},"f":{"0":15},"b":{"0":[1,14],"1":[15,15],"2":[14,1]},"_coverageSchema":"1a1c01bbd47fc00a2c39e90264f33305004495a9","hash":"89a76a8bacf50e45e91e3b194ab3c89381a3c4bb"}
}
