TN:
SF:server.js
FN:38,(anonymous_0)
FN:114,(anonymous_1)
FN:118,(anonymous_2)
FN:123,(anonymous_3)
FN:146,(anonymous_4)
FN:153,(anonymous_5)
FN:160,(anonymous_6)
FN:229,(anonymous_7)
FN:242,(anonymous_8)
FN:277,(anonymous_9)
FN:285,(anonymous_10)
FN:323,(anonymous_11)
FN:343,(anonymous_12)
FN:379,(anonymous_13)
FN:392,(anonymous_14)
FN:405,(anonymous_15)
FNF:16
FNH:4
FNDA:17,(anonymous_0)
FNDA:0,(anonymous_1)
FNDA:0,(anonymous_2)
FNDA:0,(anonymous_3)
FNDA:1,(anonymous_4)
FNDA:1,(anonymous_5)
FNDA:2,(anonymous_6)
FNDA:0,(anonymous_7)
FNDA:0,(anonymous_8)
FNDA:0,(anonymous_9)
FNDA:0,(anonymous_10)
FNDA:0,(anonymous_11)
FNDA:0,(anonymous_12)
FNDA:0,(anonymous_13)
FNDA:0,(anonymous_14)
FNDA:0,(anonymous_15)
DA:2,3
DA:26,3
DA:27,3
DA:29,3
DA:30,3
DA:32,3
DA:35,3
DA:38,3
DA:39,17
DA:40,0
DA:42,17
DA:46,3
DA:47,3
DA:50,3
DA:60,3
DA:83,3
DA:84,0
DA:87,3
DA:90,3
DA:100,3
DA:103,3
DA:114,3
DA:115,0
DA:118,3
DA:119,0
DA:123,3
DA:124,0
DA:125,0
DA:130,0
DA:131,0
DA:136,0
DA:138,0
DA:139,0
DA:146,3
DA:147,1
DA:153,3
DA:154,1
DA:160,3
DA:161,2
DA:162,2
DA:164,2
DA:165,1
DA:170,1
DA:171,1
DA:176,0
DA:184,0
DA:185,0
DA:190,0
DA:192,0
DA:194,0
DA:195,0
DA:200,0
DA:202,0
DA:209,0
DA:221,0
DA:222,0
DA:229,3
DA:230,0
DA:236,0
DA:242,3
DA:243,0
DA:244,0
DA:252,0
DA:253,0
DA:258,0
DA:269,0
DA:270,0
DA:277,3
DA:278,0
DA:285,3
DA:286,0
DA:287,0
DA:289,0
DA:290,0
DA:295,0
DA:297,0
DA:310,0
DA:314,0
DA:316,0
DA:323,3
DA:324,0
DA:325,0
DA:331,0
DA:335,0
DA:336,0
DA:343,3
DA:344,0
DA:345,0
DA:347,0
DA:348,0
DA:353,0
DA:354,0
DA:359,0
DA:361,0
DA:362,0
DA:367,0
DA:371,0
DA:372,0
DA:379,3
DA:380,0
DA:381,0
DA:385,0
DA:392,3
DA:393,0
DA:394,0
DA:398,0
DA:404,3
DA:405,0
DA:406,0
LF:109
LH:42
BRDA:27,0,0,3
BRDA:27,0,1,0
BRDA:29,1,0,3
BRDA:29,1,1,3
BRDA:39,2,0,0
BRDA:39,2,1,17
BRDA:39,3,0,17
BRDA:39,3,1,0
BRDA:74,4,0,0
BRDA:74,4,1,3
BRDA:83,5,0,0
BRDA:83,5,1,3
BRDA:130,6,0,0
BRDA:130,6,1,0
BRDA:130,7,0,0
BRDA:130,7,1,0
BRDA:164,8,0,1
BRDA:164,8,1,1
BRDA:164,9,0,2
BRDA:164,9,1,1
BRDA:170,10,0,1
BRDA:170,10,1,0
BRDA:184,11,0,0
BRDA:184,11,1,0
BRDA:194,12,0,0
BRDA:194,12,1,0
BRDA:252,13,0,0
BRDA:252,13,1,0
BRDA:289,14,0,0
BRDA:289,14,1,0
BRDA:289,15,0,0
BRDA:289,15,1,0
BRDA:289,15,2,0
BRDA:289,15,3,0
BRDA:306,16,0,0
BRDA:306,16,1,0
BRDA:347,17,0,0
BRDA:347,17,1,0
BRDA:353,18,0,0
BRDA:353,18,1,0
BRDA:361,19,0,0
BRDA:361,19,1,0
BRDA:404,20,0,0
BRDA:404,20,1,3
BRF:44
BRH:13
end_of_record
TN:
SF:Services\authServices.js
FN:7,(anonymous_0)
FN:12,(anonymous_1)
FN:17,(anonymous_2)
FNF:3
FNH:2
FNDA:2,(anonymous_0)
FNDA:1,(anonymous_1)
FNDA:0,(anonymous_2)
DA:5,4
DA:7,4
DA:8,2
DA:9,2
DA:12,4
DA:13,1
DA:14,1
DA:17,4
DA:18,0
DA:29,0
LF:10
LH:8
BRF:0
BRH:0
end_of_record
TN:
SF:Services\validation.js
FN:1,(anonymous_0)
FN:6,(anonymous_1)
FN:11,(anonymous_2)
FN:16,(anonymous_3)
FN:20,(anonymous_4)
FNF:5
FNH:4
FNDA:0,(anonymous_0)
FNDA:3,(anonymous_1)
FNDA:2,(anonymous_2)
FNDA:1,(anonymous_3)
FNDA:2,(anonymous_4)
DA:1,4
DA:2,0
DA:3,0
DA:6,4
DA:7,3
DA:8,3
DA:11,4
DA:12,2
DA:13,2
DA:16,4
DA:17,1
DA:18,1
DA:20,4
DA:21,2
LF:14
LH:12
BRF:0
BRH:0
end_of_record
TN:
SF:config\db.js
FNF:0
FNH:0
DA:4,3
DA:6,3
LF:2
LH:2
BRF:0
BRH:0
end_of_record
TN:
SF:middleware\authMiddleware.js
FN:3,(anonymous_0)
FNF:1
FNH:1
FNDA:15,(anonymous_0)
DA:3,4
DA:4,15
DA:5,15
DA:8,15
DA:12,15
DA:14,15
DA:16,15
DA:17,14
DA:22,1
DA:24,0
DA:25,0
DA:27,0
DA:29,1
LF:13
LH:10
BRDA:8,0,0,1
BRDA:8,0,1,14
BRDA:14,1,0,15
BRDA:14,1,1,15
BRDA:16,2,0,14
BRDA:16,2,1,1
BRF:6
BRH:6
end_of_record
